<?xml version="1.0" encoding="UTF-8"?>
<testng-results ignored="2" total="4" passed="2" failed="0" skipped="0">
  <reporter-output>
  </reporter-output>
  <suite started-at="2022-10-25T08:01:45 IST" name="Suite" finished-at="2022-10-25T08:01:45 IST" duration-ms="112">
    <groups>
    </groups>
    <test started-at="2022-10-25T08:01:45 IST" name="Test" finished-at="2022-10-25T08:01:45 IST" duration-ms="112">
      <class name="com.timetracking.actiTIME_Automation.moduleName.ClassATest">
        <test-method is-config="true" signature="bcConfig()[pri:0, instance:com.timetracking.actiTIME_Automation.moduleName.ClassATest@482bce4f]" started-at="2022-10-25T08:01:45 IST" name="bcConfig" finished-at="2022-10-25T08:01:45 IST" duration-ms="2" status="PASS">
          <reporter-output>
          </reporter-output>
        </test-method> <!-- bcConfig -->
        <test-method is-config="true" signature="bmConfig()[pri:0, instance:com.timetracking.actiTIME_Automation.moduleName.ClassATest@482bce4f]" started-at="2022-10-25T08:01:45 IST" name="bmConfig" finished-at="2022-10-25T08:01:45 IST" duration-ms="1" status="PASS">
          <reporter-output>
          </reporter-output>
        </test-method> <!-- bmConfig -->
        <test-method signature="Job1Test()[pri:0, instance:com.timetracking.actiTIME_Automation.moduleName.ClassATest@482bce4f]" started-at="2022-10-25T08:01:45 IST" name="Job1Test" finished-at="2022-10-25T08:01:45 IST" duration-ms="2" status="PASS">
          <reporter-output>
          </reporter-output>
        </test-method> <!-- Job1Test -->
        <test-method is-config="true" signature="amConfig()[pri:0, instance:com.timetracking.actiTIME_Automation.moduleName.ClassATest@482bce4f]" started-at="2022-10-25T08:01:45 IST" name="amConfig" finished-at="2022-10-25T08:01:45 IST" duration-ms="0" status="PASS">
          <reporter-output>
          </reporter-output>
        </test-method> <!-- amConfig -->
        <test-method is-config="true" signature="acConfig()[pri:0, instance:com.timetracking.actiTIME_Automation.moduleName.ClassATest@482bce4f]" started-at="2022-10-25T08:01:45 IST" name="acConfig" finished-at="2022-10-25T08:01:45 IST" duration-ms="0" status="PASS">
          <reporter-output>
          </reporter-output>
        </test-method> <!-- acConfig -->
      </class> <!-- com.timetracking.actiTIME_Automation.moduleName.ClassATest -->
      <class name="com.timetracking.actiTIME_Automation.moduleName.ClassBTest">
        <test-method is-config="true" signature="bsConfig()[pri:0, instance:com.timetracking.actiTIME_Automation.moduleName.ClassBTest@55b53d44]" started-at="2022-10-25T08:01:45 IST" name="bsConfig" finished-at="2022-10-25T08:01:45 IST" duration-ms="22" status="PASS">
          <reporter-output>
          </reporter-output>
        </test-method> <!-- bsConfig -->
        <test-method is-config="true" signature="bcConfig()[pri:0, instance:com.timetracking.actiTIME_Automation.moduleName.ClassBTest@55b53d44]" started-at="2022-10-25T08:01:45 IST" name="bcConfig" finished-at="2022-10-25T08:01:45 IST" duration-ms="2" status="PASS">
          <reporter-output>
          </reporter-output>
        </test-method> <!-- bcConfig -->
        <test-method is-config="true" signature="bmConfig()[pri:0, instance:com.timetracking.actiTIME_Automation.moduleName.ClassBTest@55b53d44]" started-at="2022-10-25T08:01:45 IST" name="bmConfig" finished-at="2022-10-25T08:01:45 IST" duration-ms="0" status="PASS">
          <reporter-output>
          </reporter-output>
        </test-method> <!-- bmConfig -->
        <test-method signature="Job2Test()[pri:0, instance:com.timetracking.actiTIME_Automation.moduleName.ClassBTest@55b53d44]" started-at="2022-10-25T08:01:45 IST" name="Job2Test" finished-at="2022-10-25T08:01:45 IST" duration-ms="18" status="PASS">
          <reporter-output>
          </reporter-output>
        </test-method> <!-- Job2Test -->
        <test-method is-config="true" signature="amConfig()[pri:0, instance:com.timetracking.actiTIME_Automation.moduleName.ClassBTest@55b53d44]" started-at="2022-10-25T08:01:45 IST" name="amConfig" finished-at="2022-10-25T08:01:45 IST" duration-ms="2" status="PASS">
          <reporter-output>
          </reporter-output>
        </test-method> <!-- amConfig -->
        <test-method is-config="true" signature="acConfig()[pri:0, instance:com.timetracking.actiTIME_Automation.moduleName.ClassBTest@55b53d44]" started-at="2022-10-25T08:01:45 IST" name="acConfig" finished-at="2022-10-25T08:01:45 IST" duration-ms="0" status="PASS">
          <reporter-output>
          </reporter-output>
        </test-method> <!-- acConfig -->
        <test-method is-config="true" signature="asConfig()[pri:0, instance:com.timetracking.actiTIME_Automation.moduleName.ClassBTest@55b53d44]" started-at="2022-10-25T08:01:45 IST" name="asConfig" finished-at="2022-10-25T08:01:45 IST" duration-ms="1" status="PASS">
          <reporter-output>
          </reporter-output>
        </test-method> <!-- asConfig -->
      </class> <!-- com.timetracking.actiTIME_Automation.moduleName.ClassBTest -->
    </test> <!-- Test -->
  </suite> <!-- Suite -->
</testng-results>
