<?xml version="1.0" encoding="UTF-8"?>
<!-- Generated by org.testng.reporters.JUnitXMLReporter -->
<testsuite ignored="2" hostname="piku" failures="0" tests="2" name="Test" time="0.112" errors="0" timestamp="2022-10-25T08:01:45 IST">
  <testcase classname="com.timetracking.actiTIME_Automation.moduleName.ClassBTest" name="Job2Test" time="0.018"/>
  <testcase classname="com.timetracking.actiTIME_Automation.moduleName.ClassATest" name="Job1Test" time="0.002"/>
  <testcase classname="com.timetracking.actiTIME.Automation.GenericUtility.BaseClass" name="@BeforeSuite bsConfig" time="0.0">
    <ignored/>
  </testcase> <!-- @BeforeSuite bsConfig -->
  <testcase classname="com.timetracking.actiTIME.Automation.GenericUtility.BaseClass" name="@AfterSuite asConfig" time="0.0">
    <ignored/>
  </testcase> <!-- @AfterSuite asConfig -->
</testsuite> <!-- Test -->
